<?xml version="1.0" encoding="UTF-8"?>
<!-- Generated by org.testng.reporters.JUnitXMLReporter -->
<testsuite hostname="LAPTOP-PT1VIPBL" ignored="0" name="Test2" tests="2" failures="2" timestamp="2022-09-07T07:37:47 IST" time="10.015" errors="0">
  <testcase name="verifyMenuItems" time="2.864" classname="tests.HomePageTest">
    <failure type="java.lang.AssertionError" message="The following asserts failed:
	Lists differ at element [0]: Admin1 != Admin expected [Admin1] but found [Admin]">
      <![CDATA[java.lang.AssertionError: The following asserts failed:
Lists differ at element [0]: Admin1 != Admin expected [Admin1] but found [Admin]
at tests.HomePageTest.verifyMenuItems(HomePageTest.java:46)
at java.util.ArrayList.forEach(Unknown Source)
... Removed 29 stack frames]]>
    </failure>
  </testcase> <!-- verifyMenuItems -->
  <testcase name="verifyUserName" time="0.021" classname="tests.HomePageTest">
    <failure type="java.lang.AssertionError" message="expected [Paul Collings1] but found [Paul Collings]">
      <![CDATA[java.lang.AssertionError: expected [Paul Collings1] but found [Paul Collings]
at tests.HomePageTest.verifyUserName(HomePageTest.java:31)
at java.util.ArrayList.forEach(Unknown Source)
... Removed 32 stack frames]]>
    </failure>
  </testcase> <!-- verifyUserName -->
</testsuite> <!-- Test2 -->
