<?xml version="1.0" encoding="UTF-8"?>
<!-- Generated by org.testng.reporters.JUnitXMLReporter -->
<testsuite hostname="LAPTOP-PT1VIPBL" ignored="1" name="Test" tests="4" failures="0" timestamp="2022-09-08T07:22:02 IST" time="29.44" errors="0">
  <testcase name="verifyUserName" time="2.935" classname="tests.HomePageTest"/>
  <testcase name="verifyMenuItems" time="3.414" classname="tests.HomePageTest"/>
  <testcase name="isResetButtonPreset" time="4.306" classname="tests.LeavePageTest"/>
  <testcase name="isSearchButtonPreset" time="4.068" classname="tests.LeavePageTest"/>
  <testcase name="@BeforeTest setup" time="0.0" classname="baseTest.BaseTest">
    <ignored/>
  </testcase> <!-- @BeforeTest setup -->
</testsuite> <!-- Test -->
